<?xml version="1.0" encoding="UTF-8"?>
<!-- Generated by org.testng.reporters.JUnitXMLReporter -->
<testsuite ignored="1" hostname="DESKTOP-S64H8J8" failures="0" tests="7" name="Default test" time="1.293" errors="0" timestamp="2023-01-31T15:57:29 IST">
  <testcase classname="Selenium2.sample7" name="TC2" time="0.036"/>
  <testcase classname="Selenium2.sample7" name="TC2" time="0.003"/>
  <testcase classname="Selenium2.sample7" name="TC2" time="0.006"/>
  <testcase classname="Selenium2.sample7" name="TC2" time="0.012"/>
  <testcase classname="Selenium2.sample7" name="TC2" time="0.006"/>
  <testcase classname="Selenium2.sample7" name="TC4" time="0.003"/>
  <testcase classname="Selenium2.sample7" name="TC3" time="1.032"/>
  <testcase classname="Selenium2.sample7" name="TC1" time="0.0">
    <ignored/>
  </testcase> <!-- TC1 -->
</testsuite> <!-- Default test -->
