<?xml version="1.0" encoding="UTF-8"?>
<!-- Generated by org.testng.reporters.JUnitXMLReporter -->
<testsuite ignored="3" hostname="DESKTOP-S64H8J8" failures="0" tests="5" name="Test" time="0.196" errors="0" timestamp="2023-01-31T16:11:42 IST">
  <testcase classname="Selenium2.sample8" name="TC5" time="0.029"/>
  <testcase classname="Selenium2.sample8" name="TC6" time="0.004"/>
  <testcase classname="Selenium2.sample8" name="TC7" time="0.004"/>
  <testcase classname="Selenium2.sample7" name="TC2" time="0.003"/>
  <testcase classname="Selenium2.sample7" name="TC3" time="0.004"/>
  <testcase classname="Selenium2.sample8" name="TC8" time="0.0">
    <ignored/>
  </testcase> <!-- TC8 -->
  <testcase classname="Selenium2.sample7" name="TC4" time="0.0">
    <ignored/>
  </testcase> <!-- TC4 -->
  <testcase classname="Selenium2.sample7" name="TC1" time="0.0">
    <ignored/>
  </testcase> <!-- TC1 -->
</testsuite> <!-- Test -->
