<?xml version="1.0" encoding="UTF-8"?>
<testng-results ignored="3" total="8" passed="5" failed="0" skipped="0">
  <reporter-output>
    <line>
      <![CDATA[running TC5 method ]]>
    </line>
    <line>
      <![CDATA[running TC6 method]]>
    </line>
    <line>
      <![CDATA[running TC7 method]]>
    </line>
    <line>
      <![CDATA[running TC2 method]]>
    </line>
    <line>
      <![CDATA[running TC3 method]]>
    </line>
  </reporter-output>
  <suite started-at="2023-01-31T16:11:42 IST" name="Suite" finished-at="2023-01-31T16:11:42 IST" duration-ms="196">
    <groups>
      <group name="fund">
        <method signature="sample7.TC2()[pri:0, instance:Selenium2.sample7@25641d39]" name="TC2" class="Selenium2.sample7"/>
        <method signature="sample8.TC5()[pri:0, instance:Selenium2.sample8@783a467b]" name="TC5" class="Selenium2.sample8"/>
        <method signature="sample8.TC7()[pri:0, instance:Selenium2.sample8@783a467b]" name="TC7" class="Selenium2.sample8"/>
      </group> <!-- fund -->
      <group name="profile">
        <method signature="sample7.TC3()[pri:0, instance:Selenium2.sample7@25641d39]" name="TC3" class="Selenium2.sample7"/>
        <method signature="sample8.TC6()[pri:0, instance:Selenium2.sample8@783a467b]" name="TC6" class="Selenium2.sample8"/>
      </group> <!-- profile -->
    </groups>
    <test started-at="2023-01-31T16:11:42 IST" name="Test" finished-at="2023-01-31T16:11:42 IST" duration-ms="196">
      <class name="Selenium2.sample7">
        <test-method signature="TC2()[pri:0, instance:Selenium2.sample7@25641d39]" started-at="2023-01-31T16:11:42 IST" name="TC2" finished-at="2023-01-31T16:11:42 IST" duration-ms="3" status="PASS">
          <reporter-output>
            <line>
              <![CDATA[running TC2 method]]>
            </line>
          </reporter-output>
        </test-method> <!-- TC2 -->
        <test-method signature="TC3()[pri:0, instance:Selenium2.sample7@25641d39]" started-at="2023-01-31T16:11:42 IST" name="TC3" finished-at="2023-01-31T16:11:42 IST" duration-ms="4" status="PASS">
          <reporter-output>
            <line>
              <![CDATA[running TC3 method]]>
            </line>
          </reporter-output>
        </test-method> <!-- TC3 -->
      </class> <!-- Selenium2.sample7 -->
      <class name="Selenium2.sample8">
        <test-method signature="TC5()[pri:0, instance:Selenium2.sample8@783a467b]" started-at="2023-01-31T16:11:42 IST" name="TC5" finished-at="2023-01-31T16:11:42 IST" duration-ms="29" status="PASS">
          <reporter-output>
            <line>
              <![CDATA[running TC5 method ]]>
            </line>
          </reporter-output>
        </test-method> <!-- TC5 -->
        <test-method signature="TC6()[pri:0, instance:Selenium2.sample8@783a467b]" started-at="2023-01-31T16:11:42 IST" name="TC6" finished-at="2023-01-31T16:11:42 IST" duration-ms="4" status="PASS">
          <reporter-output>
            <line>
              <![CDATA[running TC6 method]]>
            </line>
          </reporter-output>
        </test-method> <!-- TC6 -->
        <test-method signature="TC7()[pri:0, instance:Selenium2.sample8@783a467b]" started-at="2023-01-31T16:11:42 IST" name="TC7" finished-at="2023-01-31T16:11:42 IST" duration-ms="4" status="PASS">
          <reporter-output>
            <line>
              <![CDATA[running TC7 method]]>
            </line>
          </reporter-output>
        </test-method> <!-- TC7 -->
      </class> <!-- Selenium2.sample8 -->
    </test> <!-- Test -->
  </suite> <!-- Suite -->
</testng-results>
